<?xml version="1.0" encoding="UTF-8"?>
<!-- Generated by org.testng.reporters.JUnitReportReporter -->
<testsuite hostname="DESKTOP-0QK6R0J" failures="0" tests="11" name="Rm_module.Applaunch" time="22.357" errors="1" timestamp="2024-03-19T14:50:58 IST" skipped="10">
  <testcase classname="Rm_module.Applaunch" name="testmembers" time="0.000">
    <skipped/>
  </testcase> <!-- testmembers -->
  <system-out/>
  <testcase classname="Rm_module.Applaunch" name="testupdatecustomerprofile" time="0.000">
    <skipped/>
  </testcase> <!-- testupdatecustomerprofile -->
  <system-out/>
  <testcase classname="Rm_module.Applaunch" name="testaddnewlead" time="0.000">
    <skipped/>
  </testcase> <!-- testaddnewlead -->
  <system-out/>
  <testcase classname="Rm_module.Applaunch" name="setUp" time="22.357">
    <error message="Could not start a new session. Response code 500. Message: An unknown server-side error occurred while processing the command. Original error: Could not find a connected Android device in 20088ms. 
Host info: host: &#039;DESKTOP-0QK6R0J&#039;, ip: &#039;192.168.87.58&#039;
Build info: version: &#039;4.13.0&#039;, revision: &#039;ba948ece5b*&#039;
System info: os.name: &#039;Windows 10&#039;, os.arch: &#039;amd64&#039;, os.version: &#039;10.0&#039;, java.version: &#039;17.0.6&#039;
Driver info: io.appium.java_client.android.AndroidDriver
Command: [null, newSession {capabilities=[{appium:app=C:\Users\Bloxuser\AndroidStudioProjects\RM_APP\build\app\outputs\flutter-apk\app-uat-debug.apk, appium:appActivity=com.blox.app.rm.MainActivity, appium:appPackage=com.blox.app.rm.uat, appium:autoGrantPermissions=true, appium:automationName=Flutter, appium:deviceName=ZD222B2QJG, appium:fullReset=true, appium:noReset=false, platformName=ANDROID, appium:platformVersion=13}], desiredCapabilities=Capabilities {app: C:\Users\Bloxuser\AndroidSt..., appActivity: com.blox.app.rm.MainActivity, appPackage: com.blox.app.rm.uat, autoGrantPermissions: true, automationName: Flutter, deviceName: ZD222B2QJG, fullReset: true, noReset: false, platformName: ANDROID, platformVersion: 13}}]
Capabilities {app: C:\Users\Bloxuser\AndroidSt..., appActivity: com.blox.app.rm.MainActivity, appPackage: com.blox.app.rm.uat, autoGrantPermissions: true, automationName: Flutter, deviceName: ZD222B2QJG, fullReset: true, noReset: false, platformName: ANDROID, platformVersion: 13}" type="org.openqa.selenium.SessionNotCreatedException">
      <![CDATA[org.openqa.selenium.SessionNotCreatedException: Could not start a new session. Response code 500. Message: An unknown server-side error occurred while processing the command. Original error: Could not find a connected Android device in 20088ms. 
Host info: host: 'DESKTOP-0QK6R0J', ip: '192.168.87.58'
Build info: version: '4.13.0', revision: 'ba948ece5b*'
System info: os.name: 'Windows 10', os.arch: 'amd64', os.version: '10.0', java.version: '17.0.6'
Driver info: io.appium.java_client.android.AndroidDriver
Command: [null, newSession {capabilities=[{appium:app=C:\Users\Bloxuser\AndroidStudioProjects\RM_APP\build\app\outputs\flutter-apk\app-uat-debug.apk, appium:appActivity=com.blox.app.rm.MainActivity, appium:appPackage=com.blox.app.rm.uat, appium:autoGrantPermissions=true, appium:automationName=Flutter, appium:deviceName=ZD222B2QJG, appium:fullReset=true, appium:noReset=false, platformName=ANDROID, appium:platformVersion=13}], desiredCapabilities=Capabilities {app: C:\Users\Bloxuser\AndroidSt..., appActivity: com.blox.app.rm.MainActivity, appPackage: com.blox.app.rm.uat, autoGrantPermissions: true, automationName: Flutter, deviceName: ZD222B2QJG, fullReset: true, noReset: false, platformName: ANDROID, platformVersion: 13}}]
Capabilities {app: C:\Users\Bloxuser\AndroidSt..., appActivity: com.blox.app.rm.MainActivity, appPackage: com.blox.app.rm.uat, autoGrantPermissions: true, automationName: Flutter, deviceName: ZD222B2QJG, fullReset: true, noReset: false, platformName: ANDROID, platformVersion: 13}
at org.openqa.selenium.remote.ProtocolHandshake.createSession(ProtocolHandshake.java:140)
at java.base/jdk.internal.reflect.NativeMethodAccessorImpl.invoke0(Native Method)
at java.base/jdk.internal.reflect.NativeMethodAccessorImpl.invoke(NativeMethodAccessorImpl.java:77)
at java.base/jdk.internal.reflect.DelegatingMethodAccessorImpl.invoke(DelegatingMethodAccessorImpl.java:43)
at java.base/java.lang.reflect.Method.invoke(Method.java:568)
at io.appium.java_client.remote.AppiumProtocolHandshake.createSession(AppiumProtocolHandshake.java:133)
at io.appium.java_client.remote.AppiumProtocolHandshake.createSession(AppiumProtocolHandshake.java:102)
at io.appium.java_client.remote.AppiumCommandExecutor.createSession(AppiumCommandExecutor.java:182)
at io.appium.java_client.remote.AppiumCommandExecutor.execute(AppiumCommandExecutor.java:250)
at org.openqa.selenium.remote.RemoteWebDriver.execute(RemoteWebDriver.java:602)
at io.appium.java_client.AppiumDriver.startSession(AppiumDriver.java:274)
at org.openqa.selenium.remote.RemoteWebDriver.<init>(RemoteWebDriver.java:163)
at io.appium.java_client.AppiumDriver.<init>(AppiumDriver.java:89)
at io.appium.java_client.AppiumDriver.<init>(AppiumDriver.java:101)
at io.appium.java_client.android.AndroidDriver.<init>(AndroidDriver.java:113)
at Rm_module.Applaunch.setUp(Applaunch.java:37)
at java.base/jdk.internal.reflect.NativeMethodAccessorImpl.invoke0(Native Method)
at java.base/jdk.internal.reflect.NativeMethodAccessorImpl.invoke(NativeMethodAccessorImpl.java:77)
at java.base/jdk.internal.reflect.DelegatingMethodAccessorImpl.invoke(DelegatingMethodAccessorImpl.java:43)
at java.base/java.lang.reflect.Method.invoke(Method.java:568)
at org.testng.internal.MethodInvocationHelper.invokeMethod(MethodInvocationHelper.java:133)
at org.testng.internal.MethodInvocationHelper.invokeMethodConsideringTimeout(MethodInvocationHelper.java:62)
at org.testng.internal.ConfigInvoker.invokeConfigurationMethod(ConfigInvoker.java:385)
at org.testng.internal.ConfigInvoker.invokeConfigurations(ConfigInvoker.java:321)
at org.testng.internal.TestInvoker.runConfigMethods(TestInvoker.java:700)
at org.testng.internal.TestInvoker.invokeMethod(TestInvoker.java:527)
at org.testng.internal.TestInvoker.invokeTestMethod(TestInvoker.java:173)
at org.testng.internal.MethodRunner.runInSequence(MethodRunner.java:46)
at org.testng.internal.TestInvoker$MethodInvocationAgent.invoke(TestInvoker.java:824)
at org.testng.internal.TestInvoker.invokeTestMethods(TestInvoker.java:146)
at org.testng.internal.TestMethodWorker.invokeTestMethods(TestMethodWorker.java:146)
at org.testng.internal.TestMethodWorker.run(TestMethodWorker.java:128)
at java.base/java.util.ArrayList.forEach(ArrayList.java:1511)
at org.testng.TestRunner.privateRun(TestRunner.java:794)
at org.testng.TestRunner.run(TestRunner.java:596)
at org.testng.SuiteRunner.runTest(SuiteRunner.java:377)
at org.testng.SuiteRunner.runSequentially(SuiteRunner.java:371)
at org.testng.SuiteRunner.privateRun(SuiteRunner.java:332)
at org.testng.SuiteRunner.run(SuiteRunner.java:276)
at org.testng.SuiteRunnerWorker.runSuite(SuiteRunnerWorker.java:53)
at org.testng.SuiteRunnerWorker.run(SuiteRunnerWorker.java:96)
at org.testng.TestNG.runSuitesSequentially(TestNG.java:1212)
at org.testng.TestNG.runSuitesLocally(TestNG.java:1134)
at org.testng.TestNG.runSuites(TestNG.java:1063)
at org.testng.TestNG.run(TestNG.java:1031)
at org.testng.remote.AbstractRemoteTestNG.run(AbstractRemoteTestNG.java:115)
at org.testng.remote.RemoteTestNG.initAndRun(RemoteTestNG.java:251)
at org.testng.remote.RemoteTestNG.main(RemoteTestNG.java:77)
]]>
    </error>
  </testcase> <!-- setUp -->
  <system-out/>
  <testcase classname="Rm_module.Applaunch" name="testDashboardNavigation" time="0.000">
    <skipped/>
  </testcase> <!-- testDashboardNavigation -->
  <system-out/>
  <testcase classname="Rm_module.Applaunch" name="testcalendar" time="0.000">
    <skipped/>
  </testcase> <!-- testcalendar -->
  <system-out/>
  <testcase classname="Rm_module.Applaunch" name="testoverview" time="0.000">
    <skipped/>
  </testcase> <!-- testoverview -->
  <system-out/>
  <testcase classname="Rm_module.Applaunch" name="testMyFollowUp" time="0.000">
    <skipped/>
  </testcase> <!-- testMyFollowUp -->
  <system-out/>
  <testcase classname="Rm_module.Applaunch" name="testMyMeetings" time="0.000">
    <skipped/>
  </testcase> <!-- testMyMeetings -->
  <system-out/>
  <testcase classname="Rm_module.Applaunch" name="testMyPortfolio" time="0.000">
    <skipped/>
  </testcase> <!-- testMyPortfolio -->
  <system-out/>
  <testcase classname="Rm_module.Applaunch" name="testaddinteraction" time="0.000">
    <skipped/>
  </testcase> <!-- testaddinteraction -->
  <system-out/>
</testsuite> <!-- Rm_module.Applaunch -->
