<?xml version="1.0" encoding="UTF-8"?>
<!-- Generated by org.testng.reporters.JUnitReportReporter -->
<testsuite hostname="DESKTOP-0QK6R0J" failures="0" tests="2" name="Rm_module.Applaunch" time="85.225" errors="0" timestamp="2024-04-09T14:25:55 IST" skipped="0">
  <testcase classname="Rm_module.Applaunch" name="testDashboardNavigation" time="66.044"/>
  <system-out/>
  <testcase classname="Rm_module.Applaunch" name="testoverview" time="19.181"/>
  <system-out/>
</testsuite> <!-- Rm_module.Applaunch -->
